
-------------  异常信息   ---------------------------------------------------------------
发生时间：2012-8-29 18:34:42
发生异常页：http://localhost:1664/back/main/Header
异常信息：未将对象引用设置到对象的实例。
错误源：yujiajunMVC
堆栈信息：   在 yujiajunMVC.Areas.Back.Controllers.MainController.Header() 位置 C:\Documents and Settings\Administrator\桌面\喻家军\MVC\yujiajunMVC\yujiajunMVC\Areas\Back\Controllers\MainController.cs:行号 31
   在 lambda_method(Closure , ControllerBase , Object[] )
   在 System.Web.Mvc.ActionMethodDispatcher.Execute(ControllerBase controller, Object[] parameters)
   在 System.Web.Mvc.ReflectedActionDescriptor.Execute(ControllerContext controllerContext, IDictionary`2 parameters)
   在 System.Web.Mvc.ControllerActionInvoker.InvokeActionMethod(ControllerContext controllerContext, ActionDescriptor actionDescriptor, IDictionary`2 parameters)
   在 System.Web.Mvc.ControllerActionInvoker.<>c__DisplayClass15.<InvokeActionMethodWithFilters>b__12()
   在 System.Web.Mvc.ControllerActionInvoker.InvokeActionMethodFilter(IActionFilter filter, ActionExecutingContext preContext, Func`1 continuation)
   在 System.Web.Mvc.ControllerActionInvoker.<>c__DisplayClass15.<>c__DisplayClass17.<InvokeActionMethodWithFilters>b__14()
   在 System.Web.Mvc.ControllerActionInvoker.InvokeActionMethodWithFilters(ControllerContext controllerContext, IList`1 filters, ActionDescriptor actionDescriptor, IDictionary`2 parameters)
   在 System.Web.Mvc.ControllerActionInvoker.InvokeAction(ControllerContext controllerContext, String actionName)
-----------------------------------------------------------------------------------------


-------------  异常信息   ---------------------------------------------------------------
发生时间：2012-8-29 18:45:46
发生异常页：http://localhost:1664/Back/Items/InsertUser
异常信息：String 引用没有设置为 String 的实例。
参数名: s
错误源：mscorlib
堆栈信息：   在 System.Text.Encoding.GetBytes(String s)
   在 yujiajunMVC.SourceIO.MD5(String str) 位置 C:\Documents and Settings\Administrator\桌面\喻家军\MVC\yujiajunMVC\yujiajunMVC\Extensions\SourceIO.cs:行号 25
   在 yujiajunMVC.Areas.Back.Controllers.ItemsController.InsertUser(UserModel model) 位置 C:\Documents and Settings\Administrator\桌面\喻家军\MVC\yujiajunMVC\yujiajunMVC\Areas\Back\Controllers\ItemsController.cs:行号 211
   在 lambda_method(Closure , ControllerBase , Object[] )
   在 System.Web.Mvc.ActionMethodDispatcher.Execute(ControllerBase controller, Object[] parameters)
   在 System.Web.Mvc.ReflectedActionDescriptor.Execute(ControllerContext controllerContext, IDictionary`2 parameters)
   在 System.Web.Mvc.ControllerActionInvoker.InvokeActionMethod(ControllerContext controllerContext, ActionDescriptor actionDescriptor, IDictionary`2 parameters)
   在 System.Web.Mvc.ControllerActionInvoker.<>c__DisplayClass15.<InvokeActionMethodWithFilters>b__12()
   在 System.Web.Mvc.ControllerActionInvoker.InvokeActionMethodFilter(IActionFilter filter, ActionExecutingContext preContext, Func`1 continuation)
   在 System.Web.Mvc.ControllerActionInvoker.<>c__DisplayClass15.<>c__DisplayClass17.<InvokeActionMethodWithFilters>b__14()
   在 System.Web.Mvc.ControllerActionInvoker.InvokeActionMethodWithFilters(ControllerContext controllerContext, IList`1 filters, ActionDescriptor actionDescriptor, IDictionary`2 parameters)
   在 System.Web.Mvc.ControllerActionInvoker.InvokeAction(ControllerContext controllerContext, String actionName)
-----------------------------------------------------------------------------------------


-------------  异常信息   ---------------------------------------------------------------
发生时间：2012-8-29 18:46:30
发生异常页：http://localhost:1664/back/main/Header
异常信息：未将对象引用设置到对象的实例。
错误源：yujiajunMVC
堆栈信息：   在 yujiajunMVC.Areas.Back.Controllers.MainController.Header() 位置 C:\Documents and Settings\Administrator\桌面\喻家军\MVC\yujiajunMVC\yujiajunMVC\Areas\Back\Controllers\MainController.cs:行号 31
   在 lambda_method(Closure , ControllerBase , Object[] )
   在 System.Web.Mvc.ActionMethodDispatcher.Execute(ControllerBase controller, Object[] parameters)
   在 System.Web.Mvc.ReflectedActionDescriptor.Execute(ControllerContext controllerContext, IDictionary`2 parameters)
   在 System.Web.Mvc.ControllerActionInvoker.InvokeActionMethod(ControllerContext controllerContext, ActionDescriptor actionDescriptor, IDictionary`2 parameters)
   在 System.Web.Mvc.ControllerActionInvoker.<>c__DisplayClass15.<InvokeActionMethodWithFilters>b__12()
   在 System.Web.Mvc.ControllerActionInvoker.InvokeActionMethodFilter(IActionFilter filter, ActionExecutingContext preContext, Func`1 continuation)
   在 System.Web.Mvc.ControllerActionInvoker.<>c__DisplayClass15.<>c__DisplayClass17.<InvokeActionMethodWithFilters>b__14()
   在 System.Web.Mvc.ControllerActionInvoker.InvokeActionMethodWithFilters(ControllerContext controllerContext, IList`1 filters, ActionDescriptor actionDescriptor, IDictionary`2 parameters)
   在 System.Web.Mvc.ControllerActionInvoker.InvokeAction(ControllerContext controllerContext, String actionName)
-----------------------------------------------------------------------------------------


-------------  异常信息   ---------------------------------------------------------------
发生时间：2012-8-29 18:46:30
发生异常页：http://localhost:1664/back/main/Left
异常信息：未将对象引用设置到对象的实例。
错误源：yujiajunMVC
堆栈信息：   在 yujiajunMVC.Areas.Back.Controllers.MainController.Left() 位置 C:\Documents and Settings\Administrator\桌面\喻家军\MVC\yujiajunMVC\yujiajunMVC\Areas\Back\Controllers\MainController.cs:行号 47
   在 lambda_method(Closure , ControllerBase , Object[] )
   在 System.Web.Mvc.ActionMethodDispatcher.Execute(ControllerBase controller, Object[] parameters)
   在 System.Web.Mvc.ReflectedActionDescriptor.Execute(ControllerContext controllerContext, IDictionary`2 parameters)
   在 System.Web.Mvc.ControllerActionInvoker.InvokeActionMethod(ControllerContext controllerContext, ActionDescriptor actionDescriptor, IDictionary`2 parameters)
   在 System.Web.Mvc.ControllerActionInvoker.<>c__DisplayClass15.<InvokeActionMethodWithFilters>b__12()
   在 System.Web.Mvc.ControllerActionInvoker.InvokeActionMethodFilter(IActionFilter filter, ActionExecutingContext preContext, Func`1 continuation)
   在 System.Web.Mvc.ControllerActionInvoker.<>c__DisplayClass15.<>c__DisplayClass17.<InvokeActionMethodWithFilters>b__14()
   在 System.Web.Mvc.ControllerActionInvoker.InvokeActionMethodWithFilters(ControllerContext controllerContext, IList`1 filters, ActionDescriptor actionDescriptor, IDictionary`2 parameters)
   在 System.Web.Mvc.ControllerActionInvoker.InvokeAction(ControllerContext controllerContext, String actionName)
-----------------------------------------------------------------------------------------


-------------  异常信息   ---------------------------------------------------------------
发生时间：2012-8-29 18:48:30
发生异常页：http://localhost:1664/Back/Items/InsertUser
异常信息：String 引用没有设置为 String 的实例。
参数名: s
错误源：mscorlib
堆栈信息：   在 System.Text.Encoding.GetBytes(String s)
   在 yujiajunMVC.SourceIO.MD5(String str) 位置 C:\Documents and Settings\Administrator\桌面\喻家军\MVC\yujiajunMVC\yujiajunMVC\Extensions\SourceIO.cs:行号 25
   在 yujiajunMVC.Areas.Back.Controllers.ItemsController.InsertUser(UserModel model) 位置 C:\Documents and Settings\Administrator\桌面\喻家军\MVC\yujiajunMVC\yujiajunMVC\Areas\Back\Controllers\ItemsController.cs:行号 211
   在 lambda_method(Closure , ControllerBase , Object[] )
   在 System.Web.Mvc.ActionMethodDispatcher.Execute(ControllerBase controller, Object[] parameters)
   在 System.Web.Mvc.ReflectedActionDescriptor.Execute(ControllerContext controllerContext, IDictionary`2 parameters)
   在 System.Web.Mvc.ControllerActionInvoker.InvokeActionMethod(ControllerContext controllerContext, ActionDescriptor actionDescriptor, IDictionary`2 parameters)
   在 System.Web.Mvc.ControllerActionInvoker.<>c__DisplayClass15.<InvokeActionMethodWithFilters>b__12()
   在 System.Web.Mvc.ControllerActionInvoker.InvokeActionMethodFilter(IActionFilter filter, ActionExecutingContext preContext, Func`1 continuation)
   在 System.Web.Mvc.ControllerActionInvoker.<>c__DisplayClass15.<>c__DisplayClass17.<InvokeActionMethodWithFilters>b__14()
   在 System.Web.Mvc.ControllerActionInvoker.InvokeActionMethodWithFilters(ControllerContext controllerContext, IList`1 filters, ActionDescriptor actionDescriptor, IDictionary`2 parameters)
   在 System.Web.Mvc.ControllerActionInvoker.InvokeAction(ControllerContext controllerContext, String actionName)
-----------------------------------------------------------------------------------------


-------------  异常信息   ---------------------------------------------------------------
发生时间：2012-8-29 18:52:20
发生异常页：http://localhost:1664/Back/Items/InsertUser
异常信息：String 引用没有设置为 String 的实例。
参数名: s
错误源：mscorlib
堆栈信息：   在 System.Text.Encoding.GetBytes(String s)
   在 yujiajunMVC.SourceIO.MD5(String str) 位置 C:\Documents and Settings\Administrator\桌面\喻家军\MVC\yujiajunMVC\yujiajunMVC\Extensions\SourceIO.cs:行号 25
   在 yujiajunMVC.Areas.Back.Controllers.ItemsController.InsertUser(UserModel model) 位置 C:\Documents and Settings\Administrator\桌面\喻家军\MVC\yujiajunMVC\yujiajunMVC\Areas\Back\Controllers\ItemsController.cs:行号 214
   在 lambda_method(Closure , ControllerBase , Object[] )
   在 System.Web.Mvc.ActionMethodDispatcher.Execute(ControllerBase controller, Object[] parameters)
   在 System.Web.Mvc.ReflectedActionDescriptor.Execute(ControllerContext controllerContext, IDictionary`2 parameters)
   在 System.Web.Mvc.ControllerActionInvoker.InvokeActionMethod(ControllerContext controllerContext, ActionDescriptor actionDescriptor, IDictionary`2 parameters)
   在 System.Web.Mvc.ControllerActionInvoker.<>c__DisplayClass15.<InvokeActionMethodWithFilters>b__12()
   在 System.Web.Mvc.ControllerActionInvoker.InvokeActionMethodFilter(IActionFilter filter, ActionExecutingContext preContext, Func`1 continuation)
   在 System.Web.Mvc.ControllerActionInvoker.<>c__DisplayClass15.<>c__DisplayClass17.<InvokeActionMethodWithFilters>b__14()
   在 System.Web.Mvc.ControllerActionInvoker.InvokeActionMethodWithFilters(ControllerContext controllerContext, IList`1 filters, ActionDescriptor actionDescriptor, IDictionary`2 parameters)
   在 System.Web.Mvc.ControllerActionInvoker.InvokeAction(ControllerContext controllerContext, String actionName)
-----------------------------------------------------------------------------------------


-------------  异常信息   ---------------------------------------------------------------
发生时间：2012-8-29 19:16:36
发生异常页：http://localhost:1664/Back/Items/InsertUser
异常信息：String 引用没有设置为 String 的实例。
参数名: s
错误源：mscorlib
堆栈信息：   在 System.Text.Encoding.GetBytes(String s)
   在 yujiajunMVC.SourceIO.MD5(String str) 位置 C:\Documents and Settings\Administrator\桌面\喻家军\MVC\yujiajunMVC\yujiajunMVC\Extensions\SourceIO.cs:行号 25
   在 yujiajunMVC.Areas.Back.Controllers.ItemsController.InsertUser(UserModel model) 位置 C:\Documents and Settings\Administrator\桌面\喻家军\MVC\yujiajunMVC\yujiajunMVC\Areas\Back\Controllers\ItemsController.cs:行号 214
   在 lambda_method(Closure , ControllerBase , Object[] )
   在 System.Web.Mvc.ActionMethodDispatcher.Execute(ControllerBase controller, Object[] parameters)
   在 System.Web.Mvc.ReflectedActionDescriptor.Execute(ControllerContext controllerContext, IDictionary`2 parameters)
   在 System.Web.Mvc.ControllerActionInvoker.InvokeActionMethod(ControllerContext controllerContext, ActionDescriptor actionDescriptor, IDictionary`2 parameters)
   在 System.Web.Mvc.ControllerActionInvoker.<>c__DisplayClass15.<InvokeActionMethodWithFilters>b__12()
   在 System.Web.Mvc.ControllerActionInvoker.InvokeActionMethodFilter(IActionFilter filter, ActionExecutingContext preContext, Func`1 continuation)
   在 System.Web.Mvc.ControllerActionInvoker.<>c__DisplayClass15.<>c__DisplayClass17.<InvokeActionMethodWithFilters>b__14()
   在 System.Web.Mvc.ControllerActionInvoker.InvokeActionMethodWithFilters(ControllerContext controllerContext, IList`1 filters, ActionDescriptor actionDescriptor, IDictionary`2 parameters)
   在 System.Web.Mvc.ControllerActionInvoker.InvokeAction(ControllerContext controllerContext, String actionName)
-----------------------------------------------------------------------------------------


-------------  异常信息   ---------------------------------------------------------------
发生时间：2012-8-29 19:18:32
发生异常页：http://localhost:1664/Back/Items/InsertUser
异常信息：String 引用没有设置为 String 的实例。
参数名: s
错误源：mscorlib
堆栈信息：   在 System.Text.Encoding.GetBytes(String s)
   在 yujiajunMVC.SourceIO.MD5(String str) 位置 C:\Documents and Settings\Administrator\桌面\喻家军\MVC\yujiajunMVC\yujiajunMVC\Extensions\SourceIO.cs:行号 25
   在 yujiajunMVC.Areas.Back.Controllers.ItemsController.InsertUser(UserModel model) 位置 C:\Documents and Settings\Administrator\桌面\喻家军\MVC\yujiajunMVC\yujiajunMVC\Areas\Back\Controllers\ItemsController.cs:行号 214
   在 lambda_method(Closure , ControllerBase , Object[] )
   在 System.Web.Mvc.ActionMethodDispatcher.Execute(ControllerBase controller, Object[] parameters)
   在 System.Web.Mvc.ReflectedActionDescriptor.Execute(ControllerContext controllerContext, IDictionary`2 parameters)
   在 System.Web.Mvc.ControllerActionInvoker.InvokeActionMethod(ControllerContext controllerContext, ActionDescriptor actionDescriptor, IDictionary`2 parameters)
   在 System.Web.Mvc.ControllerActionInvoker.<>c__DisplayClass15.<InvokeActionMethodWithFilters>b__12()
   在 System.Web.Mvc.ControllerActionInvoker.InvokeActionMethodFilter(IActionFilter filter, ActionExecutingContext preContext, Func`1 continuation)
   在 System.Web.Mvc.ControllerActionInvoker.<>c__DisplayClass15.<>c__DisplayClass17.<InvokeActionMethodWithFilters>b__14()
   在 System.Web.Mvc.ControllerActionInvoker.InvokeActionMethodWithFilters(ControllerContext controllerContext, IList`1 filters, ActionDescriptor actionDescriptor, IDictionary`2 parameters)
   在 System.Web.Mvc.ControllerActionInvoker.InvokeAction(ControllerContext controllerContext, String actionName)
-----------------------------------------------------------------------------------------

